<?xml version="1.0" encoding="UTF-8"?>
<testsuite xmlns:xsi="http://www.w3.org/2001/XMLSchema-instance" xsi:noNamespaceSchemaLocation="https://maven.apache.org/surefire/maven-surefire-plugin/xsd/surefire-test-report.xsd" name="br.com.swconsultoria.certificado.TipoCertificadoEnumTest" time="0.062" tests="3" errors="0" skipped="0" failures="0">
  <properties>
    <property name="sun.desktop" value="gnome"/>
    <property name="awt.toolkit" value="sun.awt.X11.XToolkit"/>
    <property name="file.encoding.pkg" value="sun.io"/>
    <property name="java.specification.version" value="1.8"/>
    <property name="sun.cpu.isalist" value=""/>
    <property name="sun.jnu.encoding" value="UTF-8"/>
    <property name="java.class.path" value="/opt/projetos/backend/sts/nfe/Java_Certificado/target/test-classes:/opt/projetos/backend/sts/nfe/Java_Certificado/target/classes:/home/david/.m2/repository/commons-httpclient/commons-httpclient/3.1/commons-httpclient-3.1.jar:/home/david/.m2/repository/commons-logging/commons-logging/1.0.4/commons-logging-1.0.4.jar:/home/david/.m2/repository/commons-codec/commons-codec/1.2/commons-codec-1.2.jar:/home/david/.m2/repository/org/bouncycastle/bcprov-jdk16/1.46/bcprov-jdk16-1.46.jar:/home/david/.m2/repository/org/junit/jupiter/junit-jupiter-engine/5.3.1/junit-jupiter-engine-5.3.1.jar:/home/david/.m2/repository/org/apiguardian/apiguardian-api/1.0.0/apiguardian-api-1.0.0.jar:/home/david/.m2/repository/org/junit/platform/junit-platform-engine/1.3.1/junit-platform-engine-1.3.1.jar:/home/david/.m2/repository/org/junit/platform/junit-platform-commons/1.3.1/junit-platform-commons-1.3.1.jar:/home/david/.m2/repository/org/opentest4j/opentest4j/1.1.1/opentest4j-1.1.1.jar:/home/david/.m2/repository/org/junit/jupiter/junit-jupiter-api/5.3.1/junit-jupiter-api-5.3.1.jar:/home/david/.m2/repository/org/jmockit/jmockit/1.24/jmockit-1.24.jar:"/>
    <property name="java.vm.vendor" value="Oracle Corporation"/>
    <property name="sun.arch.data.model" value="64"/>
    <property name="java.vendor.url" value="http://java.oracle.com/"/>
    <property name="user.timezone" value=""/>
    <property name="java.vm.specification.version" value="1.8"/>
    <property name="os.name" value="Linux"/>
    <property name="user.country" value="BR"/>
    <property name="sun.java.launcher" value="SUN_STANDARD"/>
    <property name="sun.boot.library.path" value="/usr/jdk1.8.0_211/jre/lib/amd64"/>
    <property name="sun.java.command" value="/opt/projetos/backend/sts/nfe/Java_Certificado/target/surefire/surefirebooter4356454263204777309.jar /opt/projetos/backend/sts/nfe/Java_Certificado/target/surefire 2019-07-05T23-38-07_262-jvmRun1 surefire1306280232388954286tmp surefire_08414279801474012106tmp"/>
    <property name="surefire.test.class.path" value="/opt/projetos/backend/sts/nfe/Java_Certificado/target/test-classes:/opt/projetos/backend/sts/nfe/Java_Certificado/target/classes:/home/david/.m2/repository/commons-httpclient/commons-httpclient/3.1/commons-httpclient-3.1.jar:/home/david/.m2/repository/commons-logging/commons-logging/1.0.4/commons-logging-1.0.4.jar:/home/david/.m2/repository/commons-codec/commons-codec/1.2/commons-codec-1.2.jar:/home/david/.m2/repository/org/bouncycastle/bcprov-jdk16/1.46/bcprov-jdk16-1.46.jar:/home/david/.m2/repository/org/junit/jupiter/junit-jupiter-engine/5.3.1/junit-jupiter-engine-5.3.1.jar:/home/david/.m2/repository/org/apiguardian/apiguardian-api/1.0.0/apiguardian-api-1.0.0.jar:/home/david/.m2/repository/org/junit/platform/junit-platform-engine/1.3.1/junit-platform-engine-1.3.1.jar:/home/david/.m2/repository/org/junit/platform/junit-platform-commons/1.3.1/junit-platform-commons-1.3.1.jar:/home/david/.m2/repository/org/opentest4j/opentest4j/1.1.1/opentest4j-1.1.1.jar:/home/david/.m2/repository/org/junit/jupiter/junit-jupiter-api/5.3.1/junit-jupiter-api-5.3.1.jar:/home/david/.m2/repository/org/jmockit/jmockit/1.24/jmockit-1.24.jar:"/>
    <property name="sun.cpu.endian" value="little"/>
    <property name="user.home" value="/home/david"/>
    <property name="user.language" value="pt"/>
    <property name="java.specification.vendor" value="Oracle Corporation"/>
    <property name="java.home" value="/usr/jdk1.8.0_211/jre"/>
    <property name="basedir" value="/opt/projetos/backend/sts/nfe/Java_Certificado"/>
    <property name="style.color" value="always"/>
    <property name="file.separator" value="/"/>
    <property name="line.separator" value="&#10;"/>
    <property name="java.vm.specification.vendor" value="Oracle Corporation"/>
    <property name="java.specification.name" value="Java Platform API Specification"/>
    <property name="java.awt.graphicsenv" value="sun.awt.X11GraphicsEnvironment"/>
    <property name="surefire.real.class.path" value="/opt/projetos/backend/sts/nfe/Java_Certificado/target/surefire/surefirebooter4356454263204777309.jar"/>
    <property name="sun.boot.class.path" value="/usr/jdk1.8.0_211/jre/lib/resources.jar:/usr/jdk1.8.0_211/jre/lib/rt.jar:/usr/jdk1.8.0_211/jre/lib/sunrsasign.jar:/usr/jdk1.8.0_211/jre/lib/jsse.jar:/usr/jdk1.8.0_211/jre/lib/jce.jar:/usr/jdk1.8.0_211/jre/lib/charsets.jar:/usr/jdk1.8.0_211/jre/lib/jfr.jar:/usr/jdk1.8.0_211/jre/classes"/>
    <property name="sun.management.compiler" value="HotSpot 64-Bit Tiered Compilers"/>
    <property name="java.runtime.version" value="1.8.0_211-b12"/>
    <property name="user.name" value="david"/>
    <property name="path.separator" value=":"/>
    <property name="os.version" value="4.15.0-20-generic"/>
    <property name="java.endorsed.dirs" value="/usr/jdk1.8.0_211/jre/lib/endorsed"/>
    <property name="java.runtime.name" value="Java(TM) SE Runtime Environment"/>
    <property name="file.encoding" value="UTF-8"/>
    <property name="java.vm.name" value="Java HotSpot(TM) 64-Bit Server VM"/>
    <property name="localRepository" value="/home/david/.m2/repository"/>
    <property name="java.vendor.url.bug" value="http://bugreport.sun.com/bugreport/"/>
    <property name="java.io.tmpdir" value="/tmp"/>
    <property name="java.version" value="1.8.0_211"/>
    <property name="user.dir" value="/opt/projetos/backend/sts/nfe/Java_Certificado"/>
    <property name="os.arch" value="amd64"/>
    <property name="java.vm.specification.name" value="Java Virtual Machine Specification"/>
    <property name="java.awt.printerjob" value="sun.print.PSPrinterJob"/>
    <property name="sun.os.patch.level" value="unknown"/>
    <property name="java.library.path" value="/usr/java/packages/lib/amd64:/usr/lib64:/lib64:/lib:/usr/lib"/>
    <property name="java.vm.info" value="mixed mode"/>
    <property name="java.vendor" value="Oracle Corporation"/>
    <property name="java.vm.version" value="25.211-b12"/>
    <property name="java.ext.dirs" value="/usr/jdk1.8.0_211/jre/lib/ext:/usr/java/packages/lib/ext"/>
    <property name="sun.io.unicode.encoding" value="UnicodeLittle"/>
    <property name="java.class.version" value="52.0"/>
  </properties>
  <testcase name="deveLancarExcecaoCasoTenteBuscarDescricaoErrada" classname="br.com.swconsultoria.certificado.TipoCertificadoEnumTest" time="0.019"/>
  <testcase name="deveObterAtravesDaDescricao" classname="br.com.swconsultoria.certificado.TipoCertificadoEnumTest" time="0.008"/>
  <testcase name="deveRepresentarADescricaoCorretamente" classname="br.com.swconsultoria.certificado.TipoCertificadoEnumTest" time="0.002"/>
</testsuite>